Epoch 000; Train loss: 0.9189; Time cost: 00: 05: 18
Epoch 001; Train loss: 0.8110; Time cost: 00: 05: 22
Epoch 002; Train loss: 0.7803; Time cost: 00: 05: 15
Epoch 003; Train loss: 0.7432; Time cost: 00: 05: 16
Epoch 004; Train loss: 0.7008; Time cost: 00: 05: 23
-------------------------- VAL PHRASE --------------------------
HR@10      NDCG@10    HR@20      NDCG@20    HR@50      NDCG@50   
0.128726   0.085841   0.158492   0.093380   0.196762   0.101006  
-------------------------- TEST PHRASE -------------------------
HR@10      NDCG@10    HR@20      NDCG@20    HR@50      NDCG@50   
0.025063   0.017322   0.031953   0.019063   0.044322   0.021503  
Evalution cost: 00: 00: 23
----------------------------------------------------------------
Epoch 005; Train loss: 0.6597; Time cost: 00: 05: 23
Epoch 006; Train loss: 0.6399; Time cost: 00: 05: 20
Epoch 007; Train loss: 0.5906; Time cost: 00: 05: 14
Epoch 008; Train loss: 0.5873; Time cost: 00: 05: 18
Epoch 009; Train loss: 0.5283; Time cost: 00: 05: 13
-------------------------- VAL PHRASE --------------------------
HR@10      NDCG@10    HR@20      NDCG@20    HR@50      NDCG@50   
0.258010   0.239959   0.263784   0.241426   0.270988   0.242850  
-------------------------- TEST PHRASE -------------------------
HR@10      NDCG@10    HR@20      NDCG@20    HR@50      NDCG@50   
0.052387   0.047085   0.054810   0.047693   0.059783   0.048666  
Evalution cost: 00: 00: 23
----------------------------------------------------------------
Epoch 010; Train loss: 0.4946; Time cost: 00: 05: 13
Epoch 011; Train loss: 0.4860; Time cost: 00: 05: 15
Epoch 012; Train loss: 0.4252; Time cost: 00: 05: 12
Epoch 013; Train loss: 0.4436; Time cost: 00: 05: 17
Epoch 014; Train loss: 0.4062; Time cost: 00: 05: 19
-------------------------- VAL PHRASE --------------------------
HR@10      NDCG@10    HR@20      NDCG@20    HR@50      NDCG@50   
0.250884   0.233102   0.258557   0.235047   0.268388   0.237015  
-------------------------- TEST PHRASE -------------------------
HR@10      NDCG@10    HR@20      NDCG@20    HR@50      NDCG@50   
0.051555   0.044309   0.055461   0.045289   0.062893   0.046754  
Evalution cost: 00: 00: 23
----------------------------------------------------------------
Epoch 015; Train loss: 0.3912; Time cost: 00: 05: 13
Epoch 016; Train loss: 0.3704; Time cost: 00: 05: 16
Epoch 017; Train loss: 0.3405; Time cost: 00: 05: 18
Epoch 018; Train loss: 0.3197; Time cost: 00: 05: 13
Epoch 019; Train loss: 0.3078; Time cost: 00: 04: 28
-------------------------- VAL PHRASE --------------------------
HR@10      NDCG@10    HR@20      NDCG@20    HR@50      NDCG@50   
0.237243   0.219435   0.246411   0.221753   0.259220   0.224315  
-------------------------- TEST PHRASE -------------------------
HR@10      NDCG@10    HR@20      NDCG@20    HR@50      NDCG@50   
0.043183   0.039832   0.046926   0.040764   0.057414   0.042839  
Evalution cost: 00: 00: 22
----------------------------------------------------------------
Epoch 020; Train loss: 0.2929; Time cost: 00: 03: 04
Epoch 021; Train loss: 0.2821; Time cost: 00: 03: 04
Epoch 022; Train loss: 0.2549; Time cost: 00: 03: 02
Epoch 023; Train loss: 0.2522; Time cost: 00: 03: 09
Epoch 024; Train loss: 0.2542; Time cost: 00: 03: 02
-------------------------- VAL PHRASE --------------------------
HR@10      NDCG@10    HR@20      NDCG@20    HR@50      NDCG@50   
0.223719   0.207997   0.232458   0.210206   0.244629   0.212632  
-------------------------- TEST PHRASE -------------------------
HR@10      NDCG@10    HR@20      NDCG@20    HR@50      NDCG@50   
0.042007   0.038873   0.044774   0.039562   0.051302   0.040838  
Evalution cost: 00: 00: 22
----------------------------------------------------------------
Epoch 025; Train loss: 0.2311; Time cost: 00: 02: 50
Epoch 026; Train loss: 0.1979; Time cost: 00: 03: 13
Epoch 027; Train loss: 0.1886; Time cost: 00: 03: 16
Epoch 028; Train loss: 0.1933; Time cost: 00: 03: 08
Epoch 029; Train loss: 0.1647; Time cost: 00: 03: 04
-------------------------- VAL PHRASE --------------------------
HR@10      NDCG@10    HR@20      NDCG@20    HR@50      NDCG@50   
0.208036   0.193337   0.216827   0.195568   0.229818   0.198143  
-------------------------- TEST PHRASE -------------------------
HR@10      NDCG@10    HR@20      NDCG@20    HR@50      NDCG@50   
0.039638   0.036486   0.041700   0.037007   0.046691   0.037986  
Evalution cost: 00: 00: 24
----------------------------------------------------------------
